2025-06-24 07:42:39,090 - INFO - Aplicación principal iniciada.
2025-06-24 07:42:41,412 - INFO - Iniciando análisis EDA...
2025-06-24 07:42:41,413 - INFO - Cargando archivo de ubicación: D:\Ada\Ada Final LL\..\10_million_location.txt
2025-06-24 07:42:41,634 - INFO - Archivo de ubicación cargado: 10000000 registros
2025-06-24 07:42:41,634 - INFO - Cargando archivo de usuarios: D:\Ada\Ada Final LL\..\10_million_user.txt
2025-06-24 07:42:50,031 - INFO - Archivo de usuarios cargado: 10000000 registros
2025-06-24 07:42:50,031 - INFO - EDA de ubicación iniciado
2025-06-24 07:42:50,253 - ERROR - Error crítico: No module named 'pyarrow'
2025-06-24 07:43:54,124 - INFO - Aplicación principal iniciada.
2025-06-24 07:44:00,059 - INFO - UI Message (info): Cargando datos, por favor espere...
2025-06-24 07:44:00,062 - INFO - Cargando archivo de ubicación: D:\Ada\10_million_location.txt
2025-06-24 07:44:00,228 - INFO - Archivo de ubicación cargado: 10000000 registros
2025-06-24 07:44:00,228 - INFO - Cargando archivo de usuarios: D:\Ada\10_million_user.txt
2025-06-24 07:44:08,370 - INFO - Archivo de usuarios cargado: 10000000 registros
2025-06-24 07:44:08,370 - INFO - Iniciando procesamiento de DataFrames en GraphAnalyzer...
2025-06-24 07:44:11,161 - INFO - Ubicaciones válidas procesadas: 91.
2025-06-24 07:44:11,173 - INFO - Muestreo de 100000 usuarios para la construcción del grafo.
2025-06-24 07:44:11,197 - INFO - Grafo construido con 91 nodos y 2 aristas.
2025-06-24 07:44:12,293 - ERROR - Error al cargar datos: main thread is not in main loop
2025-06-24 07:44:38,672 - INFO - Aplicación principal iniciada.
2025-06-24 07:44:40,235 - INFO - Iniciando análisis EDA...
2025-06-24 07:44:40,236 - INFO - Cargando archivo de ubicación: D:\Ada\Ada Final LL\..\10_million_location.txt
2025-06-24 07:44:40,410 - INFO - Archivo de ubicación cargado: 10000000 registros
2025-06-24 07:44:40,410 - INFO - Cargando archivo de usuarios: D:\Ada\Ada Final LL\..\10_million_user.txt
2025-06-24 07:44:48,590 - INFO - Archivo de usuarios cargado: 10000000 registros
2025-06-24 07:44:48,590 - INFO - EDA de ubicación iniciado
2025-06-24 07:46:27,140 - INFO - Outliers latitud: 1460661, Outliers longitud: 102651
2025-06-24 07:46:27,159 - INFO - EDA de usuarios iniciado
2025-06-24 07:46:57,117 - INFO - Outliers en vecinos: 1455677
2025-06-24 07:46:57,422 - INFO - Análisis EDA completado. Revisa los archivos de imagen generados (lat_hist.png, long_hist.png, degree_dist.png).
2025-06-24 07:47:05,939 - INFO - UI Message (info): Cargando datos, por favor espere...
2025-06-24 07:47:05,942 - INFO - Cargando archivo de ubicación: D:\Ada\10_million_location.txt
2025-06-24 07:47:08,909 - INFO - Archivo de ubicación cargado: 10000000 registros
2025-06-24 07:47:08,910 - INFO - Cargando archivo de usuarios: D:\Ada\10_million_user.txt
2025-06-24 07:47:22,099 - INFO - Archivo de usuarios cargado: 10000000 registros
2025-06-24 07:47:22,099 - INFO - Iniciando procesamiento de DataFrames en GraphAnalyzer...
2025-06-24 07:47:24,777 - INFO - Ubicaciones válidas procesadas: 91.
2025-06-24 07:47:24,788 - INFO - Muestreo de 100000 usuarios para la construcción del grafo.
2025-06-24 07:47:24,810 - INFO - Grafo construido con 91 nodos y 2 aristas.
2025-06-24 07:47:24,815 - INFO - UI Message (info): Datos cargados exitosamente. Nodos: 91, Aristas: 2
2025-06-24 07:47:24,986 - INFO - UI Message (info): Generando estadísticas, por favor espere...
2025-06-24 07:49:20,731 - INFO - UI Message (info): Detectando comunidades, esto puede tardar...
2025-06-24 07:49:20,732 - INFO - Detectando comunidades usando el algoritmo: louvain...
2025-06-24 07:49:20,732 - INFO - Louvain: Iniciando Nivel 1
2025-06-24 07:49:20,733 - INFO - Louvain Nivel 1: Modularity global actual: -1.000000
2025-06-24 07:49:20,733 - INFO - Louvain Nivel 1: Iniciando Fase 2 (Agregación).
2025-06-24 07:49:20,734 - INFO - _build_community_graph: Grafo agregado con 91 nodos.
2025-06-24 07:49:20,734 - INFO - Louvain: No más agregación posible o grafo vacío. Deteniendo.
2025-06-24 07:49:20,734 - INFO - Louvain finalizado. Mejor modularidad global: -1.000000
2025-06-24 07:49:20,737 - INFO - Detección de comunidades Louvain (manual placeholder) completada. Encontradas 91 comunidades.
2025-06-24 07:49:20,737 - INFO - UI Message (info): Comunidades detectadas: 91
2025-06-24 07:49:20,857 - INFO - UI Message (info): Generando estadísticas, por favor espere...
2025-06-24 07:49:32,571 - INFO - UI Message (info): Buscando camino de 1 a 2...
2025-06-24 07:49:32,573 - WARNING - No se encontró camino (BFS manual) entre 1 y 2.
2025-06-24 07:49:32,575 - INFO - UI Message (warning): No se encontró camino entre 1 y 2.
2025-06-24 07:49:36,285 - INFO - UI Message (info): Visualización limpiada y estado reiniciado. Carga nuevos datos.
2025-06-24 07:49:37,659 - INFO - UI Message (info): Cargando datos, por favor espere...
2025-06-24 07:49:37,661 - INFO - Cargando archivo de ubicación: D:\Ada\10_million_location.txt
2025-06-24 07:49:37,821 - INFO - Archivo de ubicación cargado: 10000000 registros
2025-06-24 07:49:37,821 - INFO - Cargando archivo de usuarios: D:\Ada\10_million_user.txt
2025-06-24 07:49:45,561 - INFO - Archivo de usuarios cargado: 10000000 registros
2025-06-24 07:49:45,561 - INFO - Iniciando procesamiento de DataFrames en GraphAnalyzer...
2025-06-24 07:49:48,401 - INFO - Ubicaciones válidas procesadas: 91.
2025-06-24 07:49:48,405 - INFO - Muestreo de 100000 usuarios para la construcción del grafo.
2025-06-24 07:49:48,426 - INFO - Grafo construido con 91 nodos y 2 aristas.
2025-06-24 07:49:48,426 - INFO - UI Message (info): Datos cargados exitosamente. Nodos: 91, Aristas: 2
2025-06-24 07:49:48,589 - INFO - UI Message (info): Generando estadísticas, por favor espere...
2025-06-24 07:50:13,885 - INFO - UI Message (info): Visualización limpiada y estado reiniciado. Carga nuevos datos.
2025-06-24 07:50:15,499 - INFO - UI Message (info): Cargando datos, por favor espere...
2025-06-24 07:50:15,501 - INFO - Cargando archivo de ubicación: D:\Ada\10_million_location.txt
2025-06-24 07:50:15,660 - INFO - Archivo de ubicación cargado: 10000000 registros
2025-06-24 07:50:15,660 - INFO - Cargando archivo de usuarios: D:\Ada\10_million_user.txt
2025-06-24 07:50:23,454 - INFO - Archivo de usuarios cargado: 10000000 registros
2025-06-24 07:50:23,454 - INFO - Iniciando procesamiento de DataFrames en GraphAnalyzer...
2025-06-24 07:50:26,237 - INFO - Ubicaciones válidas procesadas: 91.
2025-06-24 07:50:26,241 - INFO - Muestreo de 100000 usuarios para la construcción del grafo.
2025-06-24 07:50:26,262 - INFO - Grafo construido con 91 nodos y 2 aristas.
2025-06-24 07:50:26,263 - INFO - UI Message (info): Datos cargados exitosamente. Nodos: 91, Aristas: 2
2025-06-24 07:50:26,377 - INFO - UI Message (info): Generando estadísticas, por favor espere...
2025-06-24 07:50:44,819 - INFO - UI Message (info): Generando estadísticas, por favor espere...
2025-06-24 07:50:46,451 - INFO - UI Message (info): Calculando Árbol de Expansión Mínima (MST)...
2025-06-24 07:50:46,453 - INFO - Calculando MST usando Kruskal (manual placeholder)...
2025-06-24 07:50:46,454 - INFO - Kruskal: MST/MSF construido con 91 nodos y 2 aristas únicas.
2025-06-24 07:50:46,455 - INFO - MST calculado con 91 nodos y 4 aristas.
2025-06-24 07:50:46,456 - INFO - UI Message (info): MST calculado con 4 aristas.
2025-06-24 07:50:47,803 - INFO - UI Message (info): Calculando Árbol de Expansión Mínima (MST)...
2025-06-24 07:50:47,805 - INFO - Calculando MST usando Kruskal (manual placeholder)...
2025-06-24 07:50:47,806 - INFO - Kruskal: MST/MSF construido con 91 nodos y 2 aristas únicas.
2025-06-24 07:50:47,807 - INFO - MST calculado con 91 nodos y 4 aristas.
2025-06-24 07:50:47,807 - INFO - UI Message (info): MST calculado con 4 aristas.
2025-06-24 07:50:53,003 - INFO - UI Message (info): Calculando Árbol de Expansión Mínima (MST)...
2025-06-24 07:50:53,005 - INFO - Calculando MST usando Kruskal (manual placeholder)...
2025-06-24 07:50:53,006 - INFO - Kruskal: MST/MSF construido con 91 nodos y 2 aristas únicas.
2025-06-24 07:50:53,006 - INFO - MST calculado con 91 nodos y 4 aristas.
2025-06-24 07:50:53,011 - INFO - UI Message (info): MST calculado con 4 aristas.
2025-06-24 08:08:40,996 - INFO - Aplicación principal iniciada.
2025-06-24 08:08:42,913 - INFO - Iniciando análisis EDA...
2025-06-24 08:08:42,914 - INFO - Cargando archivo de ubicación: D:\Ada\Ada Final LL\..\10_million_location.txt
2025-06-24 08:08:43,080 - INFO - Archivo de ubicación cargado: 10000000 registros
2025-06-24 08:08:43,080 - INFO - Cargando archivo de usuarios: D:\Ada\Ada Final LL\..\10_million_user.txt
2025-06-24 08:08:51,801 - INFO - Archivo de usuarios cargado: 10000000 registros
2025-06-24 08:08:51,801 - INFO - EDA de ubicación iniciado
2025-06-24 08:10:30,427 - INFO - Outliers latitud: 1460661, Outliers longitud: 102651
2025-06-24 08:10:30,453 - INFO - EDA de usuarios iniciado
2025-06-24 08:11:00,181 - INFO - Outliers en vecinos: 1455677
2025-06-24 08:11:00,480 - INFO - Análisis EDA completado. Revisa los archivos de imagen generados (lat_hist.png, long_hist.png, degree_dist.png).
2025-06-24 08:11:04,848 - INFO - UI Message (info): Cargando datos, por favor espere...
2025-06-24 08:11:04,852 - INFO - Cargando archivo de ubicación: D:\Ada\10_million_location.txt
2025-06-24 08:11:05,867 - INFO - Archivo de ubicación cargado: 10000000 registros
2025-06-24 08:11:05,867 - INFO - Cargando archivo de usuarios: D:\Ada\10_million_user.txt
2025-06-24 08:11:14,283 - INFO - Archivo de usuarios cargado: 10000000 registros
2025-06-24 08:11:14,283 - INFO - Iniciando procesamiento de DataFrames en GraphAnalyzer...
2025-06-24 08:11:17,023 - INFO - Ubicaciones válidas procesadas: 91.
2025-06-24 08:11:18,755 - INFO - Grafo construido con 91 nodos y 493 aristas.
2025-06-24 08:11:18,756 - INFO - UI Message (info): Datos cargados exitosamente. Nodos: 91, Aristas: 493
2025-06-24 08:11:18,920 - INFO - UI Message (info): Generando estadísticas, por favor espere...
2025-06-24 08:34:29,706 - INFO - Aplicación principal iniciada.
2025-06-24 08:34:31,758 - INFO - Iniciando análisis EDA...
2025-06-24 08:34:31,759 - INFO - Cargando archivo de ubicación: D:\Ada\Ada Final LL\..\10_million_location.txt
2025-06-24 08:34:31,922 - INFO - Archivo de ubicación cargado: 10000000 registros
2025-06-24 08:34:31,922 - INFO - Cargando archivo de usuarios: D:\Ada\Ada Final LL\..\10_million_user.txt
2025-06-24 08:34:40,102 - INFO - Archivo de usuarios cargado: 10000000 registros
2025-06-24 08:34:40,102 - INFO - EDA de ubicación iniciado
2025-06-24 08:36:18,561 - INFO - Outliers latitud: 1460661, Outliers longitud: 102651
2025-06-24 08:36:18,580 - INFO - EDA de usuarios iniciado
2025-06-24 08:36:48,078 - INFO - Outliers en vecinos: 1455677
2025-06-24 08:36:48,421 - INFO - Análisis EDA completado. Revisa los archivos de imagen generados (lat_hist.png, long_hist.png, degree_dist.png).
2025-06-24 08:37:26,742 - INFO - UI Message (info): Cargando datos, por favor espere...
2025-06-24 08:37:26,746 - INFO - Cargando archivo de ubicación: D:\Ada\10_million_location.txt
2025-06-24 08:37:27,794 - INFO - Archivo de ubicación cargado: 10000000 registros
2025-06-24 08:37:27,794 - INFO - Cargando archivo de usuarios: D:\Ada\10_million_user.txt
2025-06-24 08:37:35,644 - INFO - Archivo de usuarios cargado: 10000000 registros
2025-06-24 08:37:35,644 - INFO - Iniciando procesamiento de DataFrames en GraphAnalyzer...
2025-06-24 08:37:38,348 - INFO - Ubicaciones válidas procesadas: 91.
2025-06-24 08:37:40,006 - INFO - Grafo construido con 91 nodos y 493 aristas.
2025-06-24 08:37:40,012 - INFO - UI Message (info): Datos cargados exitosamente. Nodos: 91, Aristas: 493
2025-06-24 08:37:40,461 - INFO - UI Message (info): Generando estadísticas, por favor espere...
2025-06-24 08:42:51,354 - INFO - Aplicación principal iniciada.
2025-06-24 08:42:58,917 - INFO - Iniciando análisis EDA...
2025-06-24 08:42:58,918 - INFO - Cargando archivo de ubicación: D:\Ada\Ada Final LL\..\10_million_location.txt
2025-06-24 08:42:59,083 - INFO - Archivo de ubicación cargado: 10000000 registros
2025-06-24 08:42:59,084 - INFO - Cargando archivo de usuarios: D:\Ada\Ada Final LL\..\10_million_user.txt
2025-06-24 08:43:07,593 - INFO - Archivo de usuarios cargado: 10000000 registros
2025-06-24 08:43:07,593 - INFO - EDA de ubicación iniciado
2025-06-24 08:44:45,879 - INFO - Outliers latitud: 1460661, Outliers longitud: 102651
2025-06-24 08:44:45,898 - INFO - EDA de usuarios iniciado
2025-06-24 08:45:15,575 - INFO - Outliers en vecinos: 1455677
2025-06-24 08:45:15,859 - INFO - Análisis EDA completado. Revisa los archivos de imagen generados (lat_hist.png, long_hist.png, degree_dist.png).
2025-06-24 08:45:47,020 - INFO - UI Message (info): Cargando datos, por favor espere...
2025-06-24 08:45:47,022 - INFO - Cargando archivo de ubicación: D:\Ada\10_million_location.txt
2025-06-24 08:45:47,181 - INFO - Archivo de ubicación cargado: 10000000 registros
2025-06-24 08:45:47,181 - INFO - Cargando archivo de usuarios: D:\Ada\10_million_user.txt
2025-06-24 08:45:55,475 - INFO - Archivo de usuarios cargado: 10000000 registros
2025-06-24 08:45:55,476 - INFO - Iniciando procesamiento de DataFrames en GraphAnalyzer...
2025-06-24 08:45:58,244 - INFO - Ubicaciones válidas procesadas: 91.
2025-06-24 08:45:59,898 - INFO - Grafo construido con 91 nodos y 493 aristas.
2025-06-24 08:45:59,902 - INFO - UI Message (info): Datos cargados exitosamente. Nodos: 91, Aristas: 493
2025-06-24 08:46:00,288 - INFO - UI Message (info): Generando estadísticas, por favor espere...
2025-06-24 08:52:37,930 - INFO - Aplicación principal iniciada.
2025-06-24 08:52:39,820 - INFO - Iniciando análisis EDA...
2025-06-24 08:52:39,821 - INFO - Cargando archivo de ubicación: D:\Ada\Ada Final LL\..\10_million_location.txt
2025-06-24 08:52:39,984 - INFO - Archivo de ubicación cargado: 10000000 registros
2025-06-24 08:52:39,985 - INFO - Cargando archivo de usuarios: D:\Ada\Ada Final LL\..\10_million_user.txt
2025-06-24 08:52:48,793 - INFO - Archivo de usuarios cargado: 10000000 registros
2025-06-24 08:52:48,793 - INFO - EDA de ubicación iniciado
2025-06-24 08:54:28,485 - INFO - Outliers latitud: 1460661, Outliers longitud: 102651
2025-06-24 08:54:28,504 - INFO - EDA de usuarios iniciado
2025-06-24 08:54:58,706 - INFO - Outliers en vecinos: 1455677
2025-06-24 08:54:59,012 - INFO - Análisis EDA completado. Revisa los archivos de imagen generados (lat_hist.png, long_hist.png, degree_dist.png).
2025-06-24 08:55:04,044 - INFO - UI Message (info): Cargando datos, por favor espere...
2025-06-24 08:55:04,048 - INFO - Cargando archivo de ubicación: D:\Ada\10_million_location.txt
2025-06-24 08:55:07,033 - INFO - Archivo de ubicación cargado: 10000000 registros
2025-06-24 08:55:07,033 - INFO - Cargando archivo de usuarios: D:\Ada\10_million_user.txt
2025-06-24 08:55:16,705 - INFO - Archivo de usuarios cargado: 10000000 registros
2025-06-24 08:55:16,705 - INFO - Iniciando procesamiento de DataFrames en GraphAnalyzer...
2025-06-24 08:55:19,459 - INFO - Ubicaciones válidas procesadas: 91.
2025-06-24 08:55:21,110 - INFO - Grafo construido con 91 nodos y 493 aristas.
2025-06-24 08:55:21,110 - INFO - UI Message (info): Datos cargados exitosamente. Nodos: 91, Aristas: 493
2025-06-24 08:55:21,527 - INFO - UI Message (info): Generando estadísticas, por favor espere...
2025-06-24 09:20:53,265 - INFO - UI Message (info): Detectando comunidades, esto puede tardar...
2025-06-24 09:20:53,266 - INFO - Detectando comunidades usando el algoritmo: louvain...
2025-06-24 09:20:53,267 - INFO - Louvain: Iniciando Nivel 1
2025-06-24 09:20:53,271 - INFO - Louvain Nivel 1: Modularity global actual: 0.043200
2025-06-24 09:20:53,271 - INFO - Louvain Nivel 1: Iniciando Fase 2 (Agregación).
2025-06-24 09:20:53,272 - INFO - _build_community_graph: Grafo agregado con 44 nodos.
2025-06-24 09:20:53,272 - INFO - Louvain: Iniciando Nivel 2
2025-06-24 09:20:53,274 - INFO - Louvain Nivel 2: Modularity global actual: 0.055734
2025-06-24 09:20:53,274 - INFO - Louvain: Fase 1 no movió nodos en grafo agregado. Deteniendo.
2025-06-24 09:20:53,275 - INFO - Louvain finalizado. Mejor modularidad global: 0.055734
2025-06-24 09:20:53,282 - INFO - Detección de comunidades Louvain (manual placeholder) completada. Encontradas 29 comunidades.
2025-06-24 09:20:53,284 - INFO - UI Message (info): Comunidades detectadas: 29
2025-06-24 09:20:53,490 - INFO - UI Message (info): Generando estadísticas, por favor espere...
2025-06-24 09:21:31,265 - INFO - UI Message (info): Generando estadísticas, por favor espere...
2025-06-24 09:21:38,889 - INFO - UI Message (info): Calculando Árbol de Expansión Mínima (MST)...
2025-06-24 09:21:38,892 - INFO - Calculando MST usando Kruskal (manual placeholder)...
2025-06-24 09:21:38,893 - INFO - Kruskal: MST/MSF construido con 91 nodos y 88 aristas únicas.
2025-06-24 09:21:38,893 - INFO - MST calculado con 91 nodos y 176 aristas.
2025-06-24 09:21:38,894 - INFO - UI Message (info): MST calculado con 176 aristas.
2025-06-24 09:21:48,065 - INFO - UI Message (info): Generando estadísticas, por favor espere...
2025-06-24 09:21:49,195 - INFO - UI Message (info): Visualización limpiada y estado reiniciado. Carga nuevos datos.
2025-06-24 09:21:52,016 - INFO - UI Message (info): Cargando datos, por favor espere...
2025-06-24 09:21:52,019 - INFO - Cargando archivo de ubicación: D:\Ada\10_million_location.txt
2025-06-24 09:21:52,180 - INFO - Archivo de ubicación cargado: 10000000 registros
2025-06-24 09:21:52,181 - INFO - Cargando archivo de usuarios: D:\Ada\10_million_user.txt
2025-06-24 09:22:00,721 - INFO - Archivo de usuarios cargado: 10000000 registros
2025-06-24 09:22:00,721 - INFO - Iniciando procesamiento de DataFrames en GraphAnalyzer...
2025-06-24 09:22:03,425 - INFO - Ubicaciones válidas procesadas: 91.
2025-06-24 09:22:05,024 - INFO - Grafo construido con 91 nodos y 493 aristas.
2025-06-24 09:22:05,025 - INFO - UI Message (info): Datos cargados exitosamente. Nodos: 91, Aristas: 493
2025-06-24 09:22:05,168 - INFO - UI Message (info): Generando estadísticas, por favor espere...
2025-06-24 09:26:39,032 - INFO - Aplicación principal iniciada.
2025-06-24 09:26:40,792 - INFO - Iniciando análisis EDA...
2025-06-24 09:26:40,793 - INFO - Cargando archivo de ubicación: D:\Ada\Ada Final LL\..\10_million_location.txt
2025-06-24 09:26:40,958 - INFO - Archivo de ubicación cargado: 10000000 registros
2025-06-24 09:26:40,958 - INFO - Cargando archivo de usuarios: D:\Ada\Ada Final LL\..\10_million_user.txt
2025-06-24 09:26:49,697 - INFO - Archivo de usuarios cargado: 10000000 registros
2025-06-24 09:26:49,697 - INFO - EDA de ubicación iniciado
2025-06-24 09:28:27,995 - INFO - Outliers latitud: 1460661, Outliers longitud: 102651
2025-06-24 09:28:28,014 - INFO - EDA de usuarios iniciado
2025-06-24 09:28:58,525 - INFO - Outliers en vecinos: 1455677
2025-06-24 09:28:58,800 - INFO - Análisis EDA completado. Revisa los archivos de imagen generados (lat_hist.png, long_hist.png, degree_dist.png).
2025-06-24 09:29:37,119 - INFO - UI Message (info): Cargando datos, por favor espere...
2025-06-24 09:29:37,122 - INFO - Cargando archivo de ubicación: D:\Ada\10_million_location.txt
2025-06-24 09:29:40,167 - INFO - Archivo de ubicación cargado: 10000000 registros
2025-06-24 09:29:40,167 - INFO - Cargando archivo de usuarios: D:\Ada\10_million_user.txt
2025-06-24 09:29:48,823 - INFO - Archivo de usuarios cargado: 10000000 registros
2025-06-24 09:29:48,824 - INFO - Iniciando procesamiento de DataFrames en GraphAnalyzer...
2025-06-24 09:29:51,480 - INFO - Ubicaciones válidas procesadas: 91.
2025-06-24 09:29:53,148 - INFO - Grafo construido con 91 nodos y 493 aristas.
2025-06-24 09:29:53,152 - INFO - UI Message (info): Datos cargados exitosamente. Nodos: 91, Aristas: 493
2025-06-24 09:29:53,583 - INFO - UI Message (info): Generando estadísticas, por favor espere...
2025-06-24 21:26:00,058 - INFO - Aplicación principal iniciada.
2025-06-24 21:26:02,095 - INFO - Iniciando análisis EDA...
2025-06-24 21:26:02,096 - INFO - Cargando archivo de ubicación: D:\Ada\Ada Final LL\..\10_million_location.txt
2025-06-24 21:26:05,154 - INFO - Archivo de ubicación cargado: 10000000 registros
2025-06-24 21:26:05,154 - INFO - Cargando archivo de usuarios: D:\Ada\Ada Final LL\..\10_million_user.txt
2025-06-24 21:26:19,125 - INFO - Archivo de usuarios cargado: 10000000 registros
2025-06-24 21:26:19,126 - INFO - EDA de ubicación iniciado
2025-06-24 21:28:00,672 - INFO - Outliers latitud: 1460661, Outliers longitud: 102651
2025-06-24 21:28:00,692 - INFO - EDA de usuarios iniciado
2025-06-24 21:28:31,687 - INFO - Outliers en vecinos: 1455677
2025-06-24 21:28:31,973 - INFO - Análisis EDA completado. Revisa los archivos de imagen generados (lat_hist.png, long_hist.png, degree_dist.png).
2025-06-24 21:28:45,735 - INFO - UI Message (info): Cargando datos, por favor espere...
2025-06-24 21:28:45,737 - INFO - Cargando archivo de ubicación: D:\Ada\10_million_location.txt
2025-06-24 21:28:48,741 - INFO - Archivo de ubicación cargado: 10000000 registros
2025-06-24 21:28:48,741 - INFO - Cargando archivo de usuarios: D:\Ada\10_million_user.txt
2025-06-24 21:29:02,203 - INFO - Archivo de usuarios cargado: 10000000 registros
2025-06-24 21:29:02,203 - INFO - Iniciando procesamiento de DataFrames en GraphAnalyzer...
2025-06-24 21:29:04,950 - INFO - Ubicaciones válidas procesadas: 91.
2025-06-24 21:29:06,658 - INFO - Grafo construido con 91 nodos y 493 aristas.
2025-06-24 21:29:06,665 - INFO - UI Message (info): Datos cargados exitosamente. Nodos: 91, Aristas: 493
2025-06-24 21:29:07,076 - INFO - UI Message (info): Generando estadísticas, por favor espere...
2025-06-24 21:31:48,515 - INFO - Aplicación principal iniciada.
2025-06-24 21:31:50,471 - INFO - Iniciando análisis EDA...
2025-06-24 21:31:50,471 - INFO - Cargando archivo de ubicación: D:\Ada\Ada Final LL\..\10_million_location.txt
2025-06-24 21:31:50,637 - INFO - Archivo de ubicación cargado: 10000000 registros
2025-06-24 21:31:50,637 - INFO - Cargando archivo de usuarios: D:\Ada\Ada Final LL\..\10_million_user.txt
2025-06-24 21:31:58,988 - INFO - Archivo de usuarios cargado: 10000000 registros
2025-06-24 21:31:58,988 - INFO - EDA de ubicación iniciado
2025-06-24 21:33:39,800 - INFO - Outliers latitud: 1460661, Outliers longitud: 102651
2025-06-24 21:33:39,819 - INFO - EDA de usuarios iniciado
2025-06-24 21:34:10,855 - INFO - Outliers en vecinos: 1455677
2025-06-24 21:34:11,147 - INFO - Análisis EDA completado. Revisa los archivos de imagen generados (lat_hist.png, long_hist.png, degree_dist.png).
2025-06-24 21:34:15,422 - INFO - UI Message (info): Cargando datos, por favor espere...
2025-06-24 21:34:15,424 - INFO - Cargando archivo de ubicación: D:\Ada\10_million_location.txt
2025-06-24 21:34:18,443 - INFO - Archivo de ubicación cargado: 10000000 registros
2025-06-24 21:34:18,443 - INFO - Cargando archivo de usuarios: D:\Ada\10_million_user.txt
2025-06-24 21:34:28,768 - INFO - Archivo de usuarios cargado: 10000000 registros
2025-06-24 21:34:28,768 - INFO - Iniciando procesamiento de DataFrames en GraphAnalyzer...
2025-06-24 21:34:36,725 - INFO - Ubicaciones válidas procesadas: 9970674.
2025-06-24 21:34:36,725 - INFO - Se aplicará un muestreo para limitar el grafo a aproximadamente 100000 nodos.
2025-06-24 21:34:37,633 - INFO - Muestreo realizado. Se considerarán 100000 nodos para el grafo.
2025-06-24 21:34:38,398 - INFO - Diccionario de ubicaciones filtrado a 100000 entradas post-muestreo.
2025-06-24 21:34:44,286 - INFO - Grafo construido con 100000 nodos y 13907 aristas.
2025-06-24 21:34:44,454 - INFO - UI Message (info): Datos cargados exitosamente. Nodos: 100000, Aristas: 13907
2025-06-24 21:36:07,367 - INFO - UI Message (info): Generando estadísticas, por favor espere...
2025-06-24 21:37:39,383 - INFO - UI Message (info): Detectando comunidades, esto puede tardar...
2025-06-24 21:37:39,385 - INFO - Detectando comunidades usando el algoritmo: louvain...
2025-06-24 21:37:39,593 - INFO - Louvain: Iniciando Nivel 1
2025-06-24 21:37:40,509 - INFO - Louvain Nivel 1: Modularity global actual: 0.625772
2025-06-24 21:37:40,511 - INFO - Louvain Nivel 1: Iniciando Fase 2 (Agregación).
2025-06-24 21:37:40,605 - INFO - _build_community_graph: Grafo agregado con 91441 nodos.
2025-06-24 21:37:40,630 - INFO - Louvain: Iniciando Nivel 2
2025-06-24 21:37:41,971 - INFO - Louvain Nivel 2: Modularity global actual: 0.681432
2025-06-24 21:37:41,973 - INFO - Louvain: Fase 1 no movió nodos en grafo agregado. Deteniendo.
2025-06-24 21:37:41,973 - INFO - Louvain finalizado. Mejor modularidad global: 0.681432
2025-06-24 21:37:45,250 - INFO - Detección de comunidades Louvain (manual placeholder) completada. Encontradas 90744 comunidades.
2025-06-24 21:37:45,255 - INFO - UI Message (info): Comunidades detectadas: 90744
2025-06-24 21:45:59,559 - INFO - UI Message (info): Generando estadísticas, por favor espere...
2025-06-24 21:52:08,315 - INFO - Aplicación principal iniciada.
2025-06-24 21:52:31,420 - INFO - Iniciando análisis EDA...
2025-06-24 21:52:31,421 - INFO - Cargando archivo de ubicación: D:\Ada\Ada Final LL\..\10_million_location.txt
2025-06-24 21:52:34,454 - INFO - Archivo de ubicación cargado: 10000000 registros
2025-06-24 21:52:34,454 - INFO - Cargando archivo de usuarios: D:\Ada\Ada Final LL\..\10_million_user.txt
2025-06-24 21:52:47,818 - INFO - Archivo de usuarios cargado: 10000000 registros
2025-06-24 21:52:47,819 - INFO - EDA de ubicación iniciado
2025-06-24 21:54:28,790 - INFO - Outliers latitud: 1460661, Outliers longitud: 102651
2025-06-24 21:54:28,810 - INFO - EDA de usuarios iniciado
2025-06-24 21:54:59,247 - INFO - Outliers en vecinos: 1455677
2025-06-24 21:54:59,570 - INFO - Análisis EDA completado. Revisa los archivos de imagen generados (lat_hist.png, long_hist.png, degree_dist.png).
2025-06-24 21:55:03,493 - INFO - UI Message (info): Cargando datos, por favor espere...
2025-06-24 21:55:03,495 - INFO - Cargando archivo de ubicación: D:\Ada\10_million_location.txt
2025-06-24 21:55:05,059 - INFO - Archivo de ubicación cargado: 10000000 registros
2025-06-24 21:55:05,059 - INFO - Cargando archivo de usuarios: D:\Ada\10_million_user.txt
2025-06-24 21:55:13,296 - INFO - Archivo de usuarios cargado: 10000000 registros
2025-06-24 21:55:13,296 - INFO - Iniciando procesamiento de DataFrames en GraphAnalyzer...
2025-06-24 21:55:21,258 - INFO - Ubicaciones válidas procesadas: 9970674.
2025-06-24 21:55:21,258 - INFO - Se aplicará un muestreo para limitar el grafo a aproximadamente 300000 nodos.
2025-06-24 21:55:22,170 - INFO - Muestreo realizado. Se considerarán 300000 nodos para el grafo.
2025-06-24 21:55:22,930 - INFO - Diccionario de ubicaciones filtrado a 300000 entradas post-muestreo.
2025-06-24 21:55:30,047 - INFO - Grafo construido con 300000 nodos y 127050 aristas.
2025-06-24 21:55:30,247 - INFO - UI Message (info): Datos cargados exitosamente. Nodos: 300000, Aristas: 127050
2025-06-24 21:59:40,079 - INFO - UI Message (info): Generando estadísticas, por favor espere...
2025-06-24 22:07:37,070 - INFO - Aplicación principal iniciada.
2025-06-24 22:10:55,291 - INFO - Iniciando análisis EDA...
2025-06-24 22:10:55,292 - INFO - Cargando archivo de ubicación: D:\Ada\Ada Final LL\..\10_million_location.txt
2025-06-24 22:10:58,381 - INFO - Archivo de ubicación cargado: 10000000 registros
2025-06-24 22:10:58,381 - INFO - Cargando archivo de usuarios: D:\Ada\Ada Final LL\..\10_million_user.txt
2025-06-24 22:11:11,738 - INFO - Archivo de usuarios cargado: 10000000 registros
2025-06-24 22:11:11,738 - INFO - EDA de ubicación iniciado
2025-06-24 22:12:52,206 - INFO - Outliers latitud: 1460661, Outliers longitud: 102651
2025-06-24 22:12:52,226 - INFO - EDA de usuarios iniciado
2025-06-24 22:13:22,664 - INFO - Outliers en vecinos: 1455677
2025-06-24 22:13:22,968 - INFO - Análisis EDA completado. Revisa los archivos de imagen generados (lat_hist.png, long_hist.png, degree_dist.png).
2025-06-24 22:13:43,754 - INFO - UI Message (info): Cargando datos, por favor espere...
2025-06-24 22:13:43,757 - INFO - Cargando archivo de ubicación: D:\Ada\10_million_location.txt
2025-06-24 22:13:43,917 - INFO - Archivo de ubicación cargado: 10000000 registros
2025-06-24 22:13:43,917 - INFO - Cargando archivo de usuarios: D:\Ada\10_million_user.txt
2025-06-24 22:13:52,197 - INFO - Archivo de usuarios cargado: 10000000 registros
2025-06-24 22:13:52,198 - INFO - Iniciando procesamiento de DataFrames en GraphAnalyzer...
2025-06-24 22:14:00,121 - INFO - Ubicaciones válidas procesadas: 9970674.
2025-06-24 22:14:00,122 - INFO - Se aplicará un muestreo para limitar el grafo a aproximadamente 30000 nodos.
2025-06-24 22:14:01,028 - INFO - Muestreo realizado. Se considerarán 30000 nodos para el grafo.
2025-06-24 22:14:01,756 - INFO - Diccionario de ubicaciones filtrado a 30000 entradas post-muestreo.
2025-06-24 22:14:07,351 - INFO - Grafo construido con 30000 nodos y 1293 aristas.
2025-06-24 22:14:07,514 - INFO - UI Message (info): Datos cargados exitosamente. Nodos: 30000, Aristas: 1293
2025-06-24 22:14:32,860 - INFO - UI Message (info): Generando estadísticas, por favor espere...
2025-06-24 22:18:41,610 - INFO - UI Message (info): Detectando comunidades, esto puede tardar...
2025-06-24 22:18:41,611 - INFO - Detectando comunidades usando el algoritmo: louvain...
2025-06-24 22:18:41,659 - INFO - Louvain: Iniciando Nivel 1
2025-06-24 22:18:41,864 - INFO - Louvain Nivel 1: Modularity global actual: 0.734739
2025-06-24 22:18:41,865 - INFO - Louvain Nivel 1: Iniciando Fase 2 (Agregación).
2025-06-24 22:18:41,888 - INFO - _build_community_graph: Grafo agregado con 29073 nodos.
2025-06-24 22:18:41,892 - INFO - Louvain: Iniciando Nivel 2
2025-06-24 22:18:42,157 - INFO - Louvain Nivel 2: Modularity global actual: 0.786805
2025-06-24 22:18:42,158 - INFO - Louvain: Fase 1 no movió nodos en grafo agregado. Deteniendo.
2025-06-24 22:18:42,159 - INFO - Louvain finalizado. Mejor modularidad global: 0.786805
2025-06-24 22:18:42,604 - INFO - Detección de comunidades Louvain (manual placeholder) completada. Encontradas 28977 comunidades.
2025-06-24 22:18:42,606 - INFO - UI Message (info): Comunidades detectadas: 28977
2025-06-24 22:19:35,342 - INFO - UI Message (info): Generando estadísticas, por favor espere...
2025-06-24 22:20:45,394 - INFO - UI Message (warning): Uno o ambos nodos no existen en el grafo.
2025-06-24 22:20:54,849 - INFO - UI Message (warning): Uno o ambos nodos no existen en el grafo.
2025-06-24 22:20:56,777 - INFO - UI Message (warning): Uno o ambos nodos no existen en el grafo.
2025-06-24 22:20:57,577 - INFO - UI Message (warning): Uno o ambos nodos no existen en el grafo.
2025-06-24 22:20:57,761 - INFO - UI Message (warning): Uno o ambos nodos no existen en el grafo.
2025-06-24 22:20:57,945 - INFO - UI Message (warning): Uno o ambos nodos no existen en el grafo.
2025-06-24 22:20:58,137 - INFO - UI Message (warning): Uno o ambos nodos no existen en el grafo.
2025-06-24 22:21:02,609 - INFO - UI Message (warning): Uno o ambos nodos no existen en el grafo.
2025-06-24 22:21:03,849 - INFO - UI Message (warning): Uno o ambos nodos no existen en el grafo.
2025-06-24 22:21:04,025 - INFO - UI Message (warning): Uno o ambos nodos no existen en el grafo.
2025-06-24 22:21:04,209 - INFO - UI Message (warning): Uno o ambos nodos no existen en el grafo.
2025-06-24 22:21:10,233 - INFO - UI Message (warning): Uno o ambos nodos no existen en el grafo.
2025-06-24 22:22:10,785 - INFO - UI Message (warning): Uno o ambos nodos no existen en el grafo.
2025-06-24 22:22:14,009 - INFO - UI Message (warning): Uno o ambos nodos no existen en el grafo.
2025-06-24 22:22:17,073 - INFO - UI Message (warning): Uno o ambos nodos no existen en el grafo.
2025-06-24 22:22:17,361 - INFO - UI Message (warning): Uno o ambos nodos no existen en el grafo.
2025-06-24 22:22:17,537 - INFO - UI Message (warning): Uno o ambos nodos no existen en el grafo.
2025-06-24 22:22:51,136 - INFO - UI Message (warning): Uno o ambos nodos no existen en el grafo.
2025-06-24 22:22:51,641 - INFO - UI Message (warning): Uno o ambos nodos no existen en el grafo.
2025-06-24 22:22:51,801 - INFO - UI Message (warning): Uno o ambos nodos no existen en el grafo.
2025-06-24 22:22:51,976 - INFO - UI Message (warning): Uno o ambos nodos no existen en el grafo.
2025-06-24 22:22:52,137 - INFO - UI Message (warning): Uno o ambos nodos no existen en el grafo.
2025-06-24 22:22:52,296 - INFO - UI Message (warning): Uno o ambos nodos no existen en el grafo.
2025-06-24 22:22:52,457 - INFO - UI Message (warning): Uno o ambos nodos no existen en el grafo.
2025-06-24 22:22:52,617 - INFO - UI Message (warning): Uno o ambos nodos no existen en el grafo.
2025-06-24 22:22:52,776 - INFO - UI Message (warning): Uno o ambos nodos no existen en el grafo.
2025-06-24 22:22:52,937 - INFO - UI Message (warning): Uno o ambos nodos no existen en el grafo.
2025-06-24 22:22:53,105 - INFO - UI Message (warning): Uno o ambos nodos no existen en el grafo.
2025-06-24 22:22:53,249 - INFO - UI Message (warning): Uno o ambos nodos no existen en el grafo.
2025-06-24 22:22:53,441 - INFO - UI Message (warning): Uno o ambos nodos no existen en el grafo.
2025-06-24 22:22:53,617 - INFO - UI Message (warning): Uno o ambos nodos no existen en el grafo.
2025-06-24 22:22:53,793 - INFO - UI Message (warning): Uno o ambos nodos no existen en el grafo.
2025-06-24 22:22:53,969 - INFO - UI Message (warning): Uno o ambos nodos no existen en el grafo.
2025-06-24 22:22:54,145 - INFO - UI Message (warning): Uno o ambos nodos no existen en el grafo.
2025-06-24 22:22:54,321 - INFO - UI Message (warning): Uno o ambos nodos no existen en el grafo.
2025-06-24 22:23:08,177 - INFO - UI Message (warning): Uno o ambos nodos no existen en el grafo.
2025-06-24 22:23:10,089 - INFO - UI Message (warning): Uno o ambos nodos no existen en el grafo.
2025-06-24 22:23:10,241 - INFO - UI Message (warning): Uno o ambos nodos no existen en el grafo.
2025-06-24 22:23:10,409 - INFO - UI Message (warning): Uno o ambos nodos no existen en el grafo.
2025-06-24 22:23:10,577 - INFO - UI Message (warning): Uno o ambos nodos no existen en el grafo.
2025-06-24 22:23:10,753 - INFO - UI Message (warning): Uno o ambos nodos no existen en el grafo.
2025-06-24 22:23:20,257 - INFO - UI Message (warning): Por favor, ingrese IDs de nodo válidos.
2025-06-24 22:23:20,409 - INFO - UI Message (warning): Por favor, ingrese IDs de nodo válidos.
2025-06-24 22:23:20,561 - INFO - UI Message (warning): Por favor, ingrese IDs de nodo válidos.
2025-06-24 22:23:20,721 - INFO - UI Message (warning): Por favor, ingrese IDs de nodo válidos.
2025-06-24 22:23:20,897 - INFO - UI Message (warning): Por favor, ingrese IDs de nodo válidos.
2025-06-24 22:23:21,057 - INFO - UI Message (warning): Por favor, ingrese IDs de nodo válidos.
2025-06-24 22:23:21,225 - INFO - UI Message (warning): Por favor, ingrese IDs de nodo válidos.
2025-06-24 22:23:21,409 - INFO - UI Message (warning): Por favor, ingrese IDs de nodo válidos.
2025-06-24 22:23:56,561 - INFO - UI Message (info): Buscando camino de 9894452 a 7074698...
2025-06-24 22:23:56,562 - WARNING - No se encontró camino (BFS manual) entre 9894452 y 7074698.
2025-06-24 22:23:56,563 - INFO - UI Message (warning): No se encontró camino entre 9894452 y 7074698.
2025-06-24 22:29:02,088 - INFO - UI Message (info): Buscando camino de 8744286 a 8746294...
2025-06-24 22:29:02,090 - WARNING - No se encontró camino (BFS manual) entre 8744286 y 8746294.
2025-06-24 22:29:02,092 - INFO - UI Message (warning): No se encontró camino entre 8744286 y 8746294.
2025-06-24 22:34:30,016 - INFO - UI Message (info): Calculando Árbol de Expansión Mínima (MST)...
2025-06-24 22:34:30,040 - INFO - Calculando MST usando Kruskal (manual placeholder)...
2025-06-24 22:34:30,068 - INFO - Kruskal: MST/MSF construido con 30000 nodos y 1066 aristas únicas.
2025-06-24 22:34:30,076 - INFO - MST calculado con 30000 nodos y 2132 aristas.
2025-06-24 22:34:30,087 - INFO - UI Message (info): MST calculado con 2132 aristas.
2025-06-24 22:42:08,687 - INFO - UI Message (info): Buscando camino de 2276264 a 2276264...
2025-06-24 22:42:08,689 - INFO - Camino encontrado (BFS manual) entre 2276264 y 2276264: [2276264]
2025-06-24 22:42:08,690 - INFO - UI Message (info): Camino encontrado: 0 aristas. Distancia: 0.00
2025-06-24 22:49:15,657 - INFO - Aplicación principal iniciada.
2025-06-24 22:49:17,733 - INFO - Iniciando análisis EDA...
2025-06-24 22:49:17,734 - INFO - Cargando archivo de ubicación: D:\Ada\Ada Final LL\..\10_million_location.txt
2025-06-24 22:49:20,821 - INFO - Archivo de ubicación cargado: 10000000 registros
2025-06-24 22:49:20,821 - INFO - Cargando archivo de usuarios: D:\Ada\Ada Final LL\..\10_million_user.txt
2025-06-24 22:49:37,811 - INFO - Archivo de usuarios cargado: 10000000 registros
2025-06-24 22:49:37,811 - INFO - EDA de ubicación iniciado
2025-06-24 22:51:21,089 - INFO - Outliers latitud: 1460661, Outliers longitud: 102651
2025-06-24 22:51:21,108 - INFO - EDA de usuarios iniciado
2025-06-24 22:52:07,049 - INFO - Outliers en vecinos: 1455677
2025-06-24 22:52:07,411 - INFO - Análisis EDA completado. Revisa los archivos de imagen generados (lat_hist.png, long_hist.png, degree_dist.png).
2025-06-24 22:53:22,893 - INFO - UI Message (info): Cargando datos, por favor espere...
2025-06-24 22:53:22,899 - INFO - Cargando archivo de ubicación: D:\Ada\10_million_location.txt
2025-06-24 22:53:25,953 - INFO - Archivo de ubicación cargado: 10000000 registros
2025-06-24 22:53:25,953 - INFO - Cargando archivo de usuarios: D:\Ada\10_million_user.txt
2025-06-24 22:53:43,570 - INFO - Archivo de usuarios cargado: 10000000 registros
2025-06-24 22:53:43,580 - INFO - Iniciando procesamiento de DataFrames en GraphAnalyzer...
2025-06-24 22:53:53,242 - INFO - Ubicaciones válidas procesadas: 9970674.
2025-06-24 22:53:53,243 - INFO - Se aplicará un muestreo para limitar el grafo a aproximadamente 10000 nodos.
2025-06-24 22:53:54,645 - INFO - Muestreo realizado. Se considerarán 10000 nodos para el grafo.
2025-06-24 22:53:55,906 - INFO - Diccionario de ubicaciones filtrado a 10000 entradas post-muestreo.
2025-06-24 22:54:02,218 - INFO - Grafo construido con 10000 nodos y 129 aristas.
2025-06-24 22:54:02,439 - INFO - UI Message (info): Datos cargados exitosamente. Nodos: 10000, Aristas: 129
2025-06-24 22:54:11,896 - INFO - UI Message (info): Generando estadísticas, por favor espere...
2025-06-24 22:56:32,207 - INFO - UI Message (info): Detectando comunidades, esto puede tardar...
2025-06-24 22:56:32,208 - INFO - Detectando comunidades usando el algoritmo: louvain...
2025-06-24 22:56:32,224 - INFO - Louvain: Iniciando Nivel 1
2025-06-24 22:56:32,286 - INFO - Louvain Nivel 1: Modularity global actual: 0.799517
2025-06-24 22:56:32,286 - INFO - Louvain Nivel 1: Iniciando Fase 2 (Agregación).
2025-06-24 22:56:32,294 - INFO - _build_community_graph: Grafo agregado con 9908 nodos.
2025-06-24 22:56:32,294 - INFO - Louvain: Iniciando Nivel 2
2025-06-24 22:56:32,349 - INFO - Louvain Nivel 2: Modularity global actual: 0.828658
2025-06-24 22:56:32,349 - INFO - Louvain: Fase 1 no movió nodos en grafo agregado. Deteniendo.
2025-06-24 22:56:32,350 - INFO - Louvain finalizado. Mejor modularidad global: 0.828658
2025-06-24 22:56:32,495 - INFO - Detección de comunidades Louvain (manual placeholder) completada. Encontradas 9897 comunidades.
2025-06-24 22:56:32,497 - INFO - UI Message (info): Comunidades detectadas: 9897
2025-06-24 22:56:44,482 - INFO - UI Message (info): Generando estadísticas, por favor espere...
2025-06-24 22:57:02,069 - INFO - UI Message (info): Calculando Árbol de Expansión Mínima (MST)...
2025-06-24 22:57:02,076 - INFO - Calculando MST usando Kruskal (manual placeholder)...
2025-06-24 22:57:02,085 - INFO - Kruskal: MST/MSF construido con 10000 nodos y 104 aristas únicas.
2025-06-24 22:57:02,087 - INFO - MST calculado con 10000 nodos y 208 aristas.
2025-06-24 22:57:02,091 - INFO - UI Message (info): MST calculado con 208 aristas.
2025-06-24 22:58:50,357 - INFO - UI Message (info): Buscando camino de 589160 a 26712...
2025-06-24 22:58:50,358 - WARNING - No se encontró camino (BFS manual) entre 589160 y 26712.
2025-06-24 22:58:50,359 - INFO - UI Message (warning): No se encontró camino entre 589160 y 26712.
2025-06-24 23:04:39,538 - INFO - Aplicación principal iniciada.
2025-06-24 23:04:42,228 - INFO - Iniciando análisis EDA...
2025-06-24 23:04:42,229 - INFO - Cargando archivo de ubicación: D:\Ada\Ada Final LL\..\10_million_location.txt
2025-06-24 23:04:45,430 - INFO - Archivo de ubicación cargado: 10000000 registros
2025-06-24 23:04:45,430 - INFO - Cargando archivo de usuarios: D:\Ada\Ada Final LL\..\10_million_user.txt
2025-06-24 23:04:59,141 - INFO - Archivo de usuarios cargado: 10000000 registros
2025-06-24 23:04:59,141 - INFO - EDA de ubicación iniciado
2025-06-24 23:06:41,213 - INFO - Outliers latitud: 1460661, Outliers longitud: 102651
2025-06-24 23:06:41,234 - INFO - EDA de usuarios iniciado
2025-06-24 23:07:19,377 - INFO - Outliers en vecinos: 1455677
2025-06-24 23:07:19,744 - INFO - Análisis EDA completado. Revisa los archivos de imagen generados (lat_hist.png, long_hist.png, degree_dist.png).
2025-06-24 23:10:12,747 - INFO - UI Message (info): Cargando datos, por favor espere...
2025-06-24 23:10:12,750 - INFO - Cargando archivo de ubicación: D:\Ada\10_million_location.txt
2025-06-24 23:10:16,654 - INFO - Archivo de ubicación cargado: 10000000 registros
2025-06-24 23:10:16,654 - INFO - Cargando archivo de usuarios: D:\Ada\10_million_user.txt
2025-06-24 23:10:37,027 - INFO - Archivo de usuarios cargado: 10000000 registros
2025-06-24 23:10:37,028 - INFO - Iniciando procesamiento de DataFrames en GraphAnalyzer...
2025-06-24 23:10:46,552 - INFO - Ubicaciones válidas procesadas: 9970674.
2025-06-24 23:10:46,553 - INFO - Se aplicará un muestreo para limitar el grafo a aproximadamente 10000 nodos.
2025-06-24 23:10:47,759 - INFO - Muestreo realizado. Se considerarán 10000 nodos para el grafo.
2025-06-24 23:10:48,683 - INFO - Diccionario de ubicaciones filtrado a 10000 entradas post-muestreo.
2025-06-24 23:10:54,515 - INFO - Grafo construido con 10000 nodos y 136 aristas.
2025-06-24 23:10:54,711 - INFO - UI Message (info): Datos cargados exitosamente. Nodos: 10000, Aristas: 136
2025-06-24 23:11:03,984 - INFO - UI Message (info): Generando estadísticas, por favor espere...
2025-06-24 23:11:14,412 - INFO - UI Message (info): Detectando comunidades, esto puede tardar...
2025-06-24 23:11:14,413 - INFO - Detectando comunidades usando el algoritmo: louvain...
2025-06-24 23:11:14,428 - INFO - Louvain: Iniciando Nivel 1
2025-06-24 23:11:14,492 - INFO - Louvain Nivel 1: Modularity global actual: 0.832254
2025-06-24 23:11:14,493 - INFO - Louvain Nivel 1: Iniciando Fase 2 (Agregación).
2025-06-24 23:11:14,500 - INFO - _build_community_graph: Grafo agregado con 9898 nodos.
2025-06-24 23:11:14,502 - INFO - Louvain: Iniciando Nivel 2
2025-06-24 23:11:14,555 - INFO - Louvain Nivel 2: Modularity global actual: 0.866872
2025-06-24 23:11:14,556 - INFO - Louvain: Fase 1 no movió nodos en grafo agregado. Deteniendo.
2025-06-24 23:11:14,556 - INFO - Louvain finalizado. Mejor modularidad global: 0.866872
2025-06-24 23:11:14,703 - INFO - Detección de comunidades Louvain (manual placeholder) completada. Encontradas 9890 comunidades.
2025-06-24 23:11:14,704 - INFO - UI Message (info): Comunidades detectadas: 9890
2025-06-24 23:11:26,492 - INFO - UI Message (info): Generando estadísticas, por favor espere...
2025-06-25 01:11:13,998 - INFO - Aplicación principal iniciada.
2025-06-25 01:15:08,309 - INFO - Iniciando análisis EDA...
2025-06-25 01:15:08,310 - INFO - Cargando archivo de ubicación: D:\Ada\Ada Final LL\..\10_million_location.txt
2025-06-25 01:15:08,527 - INFO - Archivo de ubicación cargado: 10000000 registros
2025-06-25 01:15:08,528 - INFO - Cargando archivo de usuarios: D:\Ada\Ada Final LL\..\10_million_user.txt
2025-06-25 01:15:17,213 - INFO - Archivo de usuarios cargado: 10000000 registros
2025-06-25 01:15:17,213 - INFO - EDA de ubicación iniciado
2025-06-25 01:16:58,688 - INFO - Outliers latitud: 1460661, Outliers longitud: 102651
2025-06-25 01:16:58,708 - INFO - EDA de usuarios iniciado
2025-06-25 01:17:29,606 - INFO - Outliers en vecinos: 1455677
2025-06-25 01:17:29,902 - INFO - Análisis EDA completado. Revisa los archivos de imagen generados (lat_hist.png, long_hist.png, degree_dist.png).
2025-06-25 01:17:37,733 - INFO - UI Message (info): Cargando datos, por favor espere...
2025-06-25 01:17:37,754 - INFO - Cargando archivo de ubicación: D:\Ada\10_million_location.txt
2025-06-25 01:17:40,776 - INFO - Archivo de ubicación cargado: 10000000 registros
2025-06-25 01:17:40,776 - INFO - Cargando archivo de usuarios: D:\Ada\10_million_user.txt
2025-06-25 01:17:53,842 - INFO - Archivo de usuarios cargado: 10000000 registros
2025-06-25 01:17:53,843 - INFO - Iniciando procesamiento de DataFrames en GraphAnalyzer...
2025-06-25 01:18:01,702 - INFO - Ubicaciones válidas procesadas: 9970674.
2025-06-25 01:18:01,702 - INFO - Se aplicará un muestreo para limitar el grafo a aproximadamente 10000 nodos.
2025-06-25 01:18:02,575 - INFO - Muestreo realizado. Se considerarán 10000 nodos para el grafo.
2025-06-25 01:18:03,269 - INFO - Diccionario de ubicaciones filtrado a 10000 entradas post-muestreo.
2025-06-25 01:18:08,529 - INFO - Grafo construido con 10000 nodos y 162 aristas.
2025-06-25 01:18:08,727 - INFO - UI Message (info): Datos cargados exitosamente. Nodos: 10000, Aristas: 162
2025-06-25 01:18:17,480 - INFO - UI Message (info): Generando estadísticas, por favor espere...
2025-06-25 01:18:33,037 - INFO - UI Message (info): Detectando comunidades, esto puede tardar...
2025-06-25 01:18:33,039 - INFO - Detectando comunidades usando el algoritmo: louvain...
2025-06-25 01:18:33,054 - INFO - Louvain: Iniciando Nivel 1
2025-06-25 01:18:33,116 - INFO - Louvain Nivel 1: Modularity global actual: 0.772352
2025-06-25 01:18:33,116 - INFO - Louvain Nivel 1: Iniciando Fase 2 (Agregación).
2025-06-25 01:18:33,123 - INFO - _build_community_graph: Grafo agregado con 9881 nodos.
2025-06-25 01:18:33,124 - INFO - Louvain: Iniciando Nivel 2
2025-06-25 01:18:33,174 - INFO - Louvain Nivel 2: Modularity global actual: 0.760763
2025-06-25 01:18:33,174 - INFO - Louvain: Convergencia global. Mejor modularity: 0.772352
2025-06-25 01:18:33,175 - INFO - Louvain finalizado. Mejor modularidad global: 0.772352
2025-06-25 01:18:33,324 - INFO - Detección de comunidades Louvain (manual placeholder) completada. Encontradas 9881 comunidades.
2025-06-25 01:18:33,325 - INFO - UI Message (info): Comunidades detectadas: 9881
2025-06-25 01:18:44,679 - INFO - UI Message (info): Generando estadísticas, por favor espere...
2025-06-25 01:18:56,429 - INFO - UI Message (info): Calculando Árbol de Expansión Mínima (MST)...
2025-06-25 01:18:56,437 - INFO - Calculando MST usando Kruskal (manual placeholder)...
2025-06-25 01:18:56,444 - INFO - Kruskal: MST/MSF construido con 10000 nodos y 136 aristas únicas.
2025-06-25 01:18:56,446 - INFO - MST calculado con 10000 nodos y 272 aristas.
2025-06-25 01:18:56,448 - INFO - UI Message (info): MST calculado con 272 aristas.
2025-06-25 01:55:29,708 - INFO - Aplicación principal iniciada.
2025-06-25 01:55:31,096 - INFO - Iniciando análisis EDA...
2025-06-25 01:55:31,097 - INFO - Cargando archivo de ubicación: D:\Ada\Ada Final LL\..\10_million_location.txt
2025-06-25 01:55:34,073 - INFO - Archivo de ubicación cargado: 10000000 registros
2025-06-25 01:55:34,073 - INFO - Cargando archivo de usuarios: D:\Ada\Ada Final LL\..\10_million_user.txt
2025-06-25 01:55:47,395 - INFO - Archivo de usuarios cargado: 10000000 registros
2025-06-25 01:55:47,395 - INFO - EDA de ubicación iniciado
2025-06-25 01:57:28,539 - INFO - Outliers latitud: 1460661, Outliers longitud: 102651
2025-06-25 01:57:28,558 - INFO - EDA de usuarios iniciado
2025-06-25 01:57:59,281 - INFO - Outliers en vecinos: 1455677
2025-06-25 01:57:59,575 - INFO - Análisis EDA completado. Revisa los archivos de imagen generados (lat_hist.png, long_hist.png, degree_dist.png).
2025-06-25 01:58:04,416 - INFO - UI Message (info): Cargando datos, por favor espere...
2025-06-25 01:58:04,418 - INFO - Cargando archivo de ubicación: D:\Ada\10_million_location.txt
2025-06-25 01:58:07,378 - INFO - Archivo de ubicación cargado: 10000000 registros
2025-06-25 01:58:07,378 - INFO - Cargando archivo de usuarios: D:\Ada\10_million_user.txt
2025-06-25 01:58:15,723 - INFO - Archivo de usuarios cargado: 10000000 registros
2025-06-25 01:58:15,724 - INFO - Iniciando procesamiento de DataFrames en GraphAnalyzer...
2025-06-25 01:58:23,579 - INFO - Ubicaciones válidas procesadas: 9970674.
2025-06-25 01:58:23,579 - INFO - Se aplicará un muestreo para limitar el grafo a aproximadamente 10000 nodos.
2025-06-25 01:58:24,453 - INFO - Muestreo realizado. Se considerarán 10000 nodos para el grafo.
2025-06-25 01:58:25,137 - INFO - Diccionario de ubicaciones filtrado a 10000 entradas post-muestreo.
2025-06-25 01:58:30,355 - INFO - Grafo construido con 10000 nodos y 137 aristas.
2025-06-25 01:58:30,504 - INFO - UI Message (info): Datos cargados exitosamente. Nodos: 10000, Aristas: 137
2025-06-25 01:58:39,223 - INFO - UI Message (info): Generando estadísticas, por favor espere...
2025-06-25 01:58:49,921 - INFO - UI Message (info): Detectando comunidades, esto puede tardar...
2025-06-25 01:58:49,923 - INFO - Detectando comunidades usando el algoritmo: louvain...
2025-06-25 01:58:49,938 - INFO - Louvain: Iniciando Nivel 1
2025-06-25 01:58:49,988 - INFO - Louvain Nivel 1: Modularity global actual: 0.851195
2025-06-25 01:58:49,989 - INFO - Louvain Nivel 1: Iniciando Fase 2 (Agregación).
2025-06-25 01:58:49,996 - INFO - _build_community_graph: Grafo agregado con 9900 nodos.
2025-06-25 01:58:49,997 - INFO - Louvain: Iniciando Nivel 2
2025-06-25 01:58:50,047 - INFO - Louvain Nivel 2: Modularity global actual: 0.869288
2025-06-25 01:58:50,048 - INFO - Louvain: Fase 1 no movió nodos en grafo agregado. Deteniendo.
2025-06-25 01:58:50,048 - INFO - Louvain finalizado. Mejor modularidad global: 0.869288
2025-06-25 01:58:50,195 - INFO - Detección de comunidades Louvain (manual placeholder) completada. Encontradas 9893 comunidades.
2025-06-25 01:58:50,197 - INFO - UI Message (info): Comunidades detectadas: 9893
2025-06-25 01:59:01,286 - INFO - UI Message (info): Generando estadísticas, por favor espere...
2025-06-25 01:59:49,313 - INFO - UI Message (info): Calculando Árbol de Expansión Mínima (MST)...
2025-06-25 01:59:49,322 - INFO - Calculando MST usando Kruskal (manual placeholder)...
2025-06-25 01:59:49,329 - INFO - Kruskal: MST/MSF construido con 10000 nodos y 108 aristas únicas.
2025-06-25 01:59:49,331 - INFO - MST calculado con 10000 nodos y 216 aristas.
2025-06-25 01:59:49,333 - INFO - UI Message (info): MST calculado con 216 aristas.
2025-06-25 02:00:21,217 - INFO - UI Message (info): Buscando camino de 402089 a 121008...
2025-06-25 02:00:21,218 - WARNING - No se encontró camino (BFS manual) entre 402089 y 121008.
2025-06-25 02:00:21,219 - INFO - UI Message (warning): No se encontró camino entre 402089 y 121008.
2025-06-25 02:01:01,984 - INFO - UI Message (info): Buscando camino de 402089 a 16524...
2025-06-25 02:01:01,986 - WARNING - No se encontró camino (BFS manual) entre 402089 y 16524.
2025-06-25 02:01:01,987 - INFO - UI Message (warning): No se encontró camino entre 402089 y 16524.
2025-06-25 02:01:30,808 - INFO - UI Message (info): Buscando camino de 611552 a 888621...
2025-06-25 02:01:30,810 - WARNING - No se encontró camino (BFS manual) entre 611552 y 888621.
2025-06-25 02:01:30,811 - INFO - UI Message (warning): No se encontró camino entre 611552 y 888621.
2025-06-25 02:02:12,232 - INFO - UI Message (info): Buscando camino de 3775968 a 55249...
2025-06-25 02:02:12,233 - WARNING - No se encontró camino (BFS manual) entre 3775968 y 55249.
2025-06-25 02:02:12,234 - INFO - UI Message (warning): No se encontró camino entre 3775968 y 55249.
2025-06-25 02:02:58,416 - INFO - UI Message (info): Buscando camino de 1691 a 1930225...
2025-06-25 02:02:58,418 - WARNING - No se encontró camino (BFS manual) entre 1691 y 1930225.
2025-06-25 02:02:58,419 - INFO - UI Message (warning): No se encontró camino entre 1691 y 1930225.
